<?xml version="1.0" encoding="UTF-8"?>
<!-- Generated by org.testng.reporters.JUnitReportReporter -->
<testsuite skipped="0" hostname="Krish" name="krishnaSelenium.MoblieTest" tests="2" failures="0" timestamp="2020-04-14T10:13:00 IST" time="0.016" errors="0">
  <testcase name="MoblieBrowserOpen" time="0.000" classname="krishnaSelenium.MoblieTest"/>
  <system-out/>
  <testcase name="MobileCloseBrowser" time="0.016" classname="krishnaSelenium.MoblieTest"/>
  <system-out/>
</testsuite> <!-- krishnaSelenium.MoblieTest -->
