<?xml version="1.0" encoding="UTF-8"?>
<!-- Generated by org.testng.reporters.JUnitReportReporter -->
<testsuite skipped="0" hostname="Krish" name="krishnaSelenium.RESTapiTest" tests="2" failures="0" timestamp="2020-04-14T10:12:21 IST" time="0.000" errors="0">
  <testcase name="RESTCloseBrowser" time="0.000" classname="krishnaSelenium.RESTapiTest"/>
  <system-out/>
  <testcase name="RESTBrowserOpen" time="0.000" classname="krishnaSelenium.RESTapiTest"/>
  <system-out/>
</testsuite> <!-- krishnaSelenium.RESTapiTest -->
